C51 COMPILER V9.54   LCD5110                                                               06/11/2016 17:23:45 PAGE 1   


C51 COMPILER V9.54, COMPILATION OF MODULE LCD5110
OBJECT MODULE PLACED IN .\Objects\lcd5110.obj
COMPILER INVOKED BY: E:\MDK\keil\keilmdk\C51\BIN\C51.EXE lcd5110.c OPTIMIZE(8,SPEED) BROWSE DEBUG OBJECTEXTEND PRINT(.\L
                    -istings\lcd5110.lst) TABS(2) OBJECT(.\Objects\lcd5110.obj)

line level    source

   1          /*==========================================================
   2           * 程序名称：Nokia5110功能演示程序
   3           * 开发人员：桂林电子科技大学 创新学院 风筝
   4           * 开发环境：keil5
   5           * 创建时间：2016/03/10
   6           * 修改时间：
   7           * 功能说明：
   8           *==========================================================*/
   9          #include "STC12C5A60S2.H"
  10          #include  "ziku.h"
  11          
  12          sbit    res  = P2^7;  //复位,0复位
  13          sbit    sce  = P2^6;  //片选
  14          sbit    dc   = P2^5;  //1写数据，0写指令
  15          sbit    sdin = P2^4;  //数据
  16          sbit    sclk = P2^3;  //时钟
  17          
  18          
  19          /*--------------------------------------------
  20          LCD_write_byte: 使用SPI接口写数据到LCD
  21          输入参数：dt：写入的数据；
  22          command ：写数据/命令选择；
  23          ----------------------------------------------*/
  24          void LCD_write_byte(unsigned char dt, unsigned char command)
  25          {
  26   1        unsigned char i; 
  27   1        sce=0;  
  28   1        dc=command; 
  29   1        for(i=0;i<8;i++)
  30   1        { 
  31   2          if(dt&0x80)
  32   2            sdin=1;
  33   2          else
  34   2            sdin=0;
  35   2          dt=dt<<1;   
  36   2          sclk=0;     
  37   2          sclk=1; 
  38   2        } 
  39   1        dc=1; 
  40   1        sce=1;  
  41   1        sdin=1;
  42   1      }
  43          /*---------------------------------------
  44          LCD_init: 3310LCD初始化
  45          -----------------------------------------  */
  46          void LCD_init(void)
  47          {
  48   1          res=0;    
  49   1          //delay_1ms();
  50   1          res=1;  
  51   1        LCD_write_byte(0x21,0);//初始化Lcd,功能设定使用扩充指令，水平寻址
  52   1        LCD_write_byte(0xd0,0);//设定液晶偏置电压
  53   1        LCD_write_byte(0x20,0);//使用基本指令
  54   1        LCD_write_byte(0x0C,0);//设定显示模式，正常显示
C51 COMPILER V9.54   LCD5110                                                               06/11/2016 17:23:45 PAGE 2   

  55   1      }
  56          /*-------------------------------------------
  57          LCD_set_XY: 设置LCD坐标函数
  58          输入参数：X：0－83  Y：0－5
  59          ---------------------------------------------*/
  60          void LCD_set_XY(unsigned char X, unsigned char Y)
  61          {
  62   1        LCD_write_byte(0x80 | X, 0);// row
  63   1        LCD_write_byte(0x40 | Y, 0);// column
  64   1      } 
  65          /*------------------------------------------
  66          LCD_clear: LCD清屏函数
  67          --------------------------------------------*/
  68          void LCD_clear(void)
  69          {
  70   1        unsigned char t;
  71   1        unsigned char k;
  72   1        LCD_set_XY(0,0); 
  73   1        for(t=0;t<6;t++)
  74   1        { 
  75   2          for(k=0;k<84;k++)
  76   2          { 
  77   3            LCD_write_byte(0x00,1);//0xff为全黑       
  78   3          } 
  79   2        }
  80   1      }
  81          /*---------------------------------------------
  82          LCD_write_shu: 显示8（宽）*16（高）点阵列数字字母符号等半角类
  83          输入参数：c：显示的字符；
  84          -----------------------------------------------*/
  85          void LCD_write_shu(unsigned char row, unsigned char page,unsigned char c) //row:列 page:页 dd:字符
  86          {
  87   1        unsigned char i;    
  88   1        
  89   1        LCD_set_XY(row*8, page);// 列，页 
  90   1        for(i=0; i<8;i++) 
  91   1        {
  92   2          LCD_write_byte(shuzi[c*32+i],1); 
  93   2        }
  94   1        
  95   1          LCD_set_XY(row*8, page+1);// 列，页 
  96   1        for(i=8; i<16;i++) 
  97   1        {
  98   2          LCD_write_byte(shuzi[c*32+i],1);
  99   2        }   
 100   1      }
 101          /*---------------------------------------------
 102          LCD_write_hanzi: 显示16（宽）*16（高）点阵列汉字等半角类
 103          输入参数：c：显示的字符；
 104          -----------------------------------------------*/
 105          void LCD_write_hanzi(unsigned char row, unsigned char page,unsigned char c) //row:列 page:页 dd:字符
 106          {
 107   1        unsigned char i;    
 108   1        
 109   1        LCD_set_XY(row*8, page);// 列，页 
 110   1        for(i=0; i<16;i++) 
 111   1        {
 112   2          LCD_write_byte(tu[c*32+i],1); 
 113   2        }
 114   1        
 115   1          LCD_set_XY(row*8, page+1);// 列，页 
 116   1        for(i=16; i<32;i++) 
C51 COMPILER V9.54   LCD5110                                                               06/11/2016 17:23:45 PAGE 3   

 117   1        {
 118   2          LCD_write_byte(tu[c*32+i],1);
 119   2        } 
 120   1      }
 121          
 122          void delayms(unsigned int ms)
 123          {
 124   1        unsigned char i=100,j;
 125   1        for(;ms;ms--)
 126   1        {
 127   2          while(--i)
 128   2          {
 129   3            j=10;
 130   3            while(--j);
 131   3          }
 132   2        }
 133   1      }
 134          
 135          /*********************************************************** 
 136          函数名称：Write_FullPic
 137          函数功能：写整屏的图片
 138          出口参数：无 
 139          备 注：一般要求图片大小：宽84，高48 
 140          ***********************************************************/
 141          void Write_FullPic(unsigned char *c,unsigned char _size)
 142          {
 143   1              unsigned int i,j;
 144   1              for(i=0;i<6;i++)
 145   1              {
 146   2                      LCD_set_XY(0,i);
 147   2                      for(j=0;j<_size;j++)
 148   2                      { LCD_write_byte((c[i*_size+j]),1);}        
 149   2              }
 150   1      }
 151          main()
 152          {
 153   1          res=0;
 154   1          //for(k=0;k<250;k++);
 155   1          res=1;      
 156   1          LCD_init();  //初始化LCD模块    
 157   1          while(1)
 158   1          {
 159   2            LCD_clear(); //清屏幕 
 160   2            Write_FullPic(tu,64);  //图片
 161   2      //    LCD_clear(); //清屏幕 
 162   2      //    LCD_write_hanzi(1,0,0);  //小
 163   2      //    LCD_write_hanzi(3,0,1);  //车
 164   2      //    LCD_write_hanzi(5,0,2);  //本
 165   2      //    LCD_write_hanzi(7,0,3);  //次
 166   2      //    LCD_write_hanzi(2,2,4);  //用   
 167   2      //    LCD_write_hanzi(6,2,5);  //时
 168   2      
 169   2        //        
 170   2        //  LCD_write_shu(1,4,29);   //t
 171   2        //  LCD_write_shu(2,4,18);   //i
 172   2        //  LCD_write_shu(3,4,22);   //m
 173   2        //  LCD_write_shu(4,4,14);   //e
 174   2        //  LCD_write_shu(6,4,45);   //.
 175   2        //  LCD_write_shu(7,4,n);    //n
 176   2      
 177   2          delayms(80);  
 178   2          }
C51 COMPILER V9.54   LCD5110                                                               06/11/2016 17:23:45 PAGE 4   

 179   1      }


MODULE INFORMATION:   STATIC OVERLAYABLE
   CODE SIZE        =    405    ----
   CONSTANT SIZE    =   2488    ----
   XDATA SIZE       =   ----    ----
   PDATA SIZE       =   ----    ----
   DATA SIZE        =   ----       5
   IDATA SIZE       =   ----    ----
   BIT SIZE         =   ----    ----
END OF MODULE INFORMATION.


C51 COMPILATION COMPLETE.  0 WARNING(S),  0 ERROR(S)
