C51 COMPILER V9.54   PID                                                                   07/01/2016 12:06:19 PAGE 1   


C51 COMPILER V9.54, COMPILATION OF MODULE PID
OBJECT MODULE PLACED IN .\Objects\pid.obj
COMPILER INVOKED BY: E:\MDK\keil\keilmdk\C51\BIN\C51.EXE pid.c OPTIMIZE(8,SPEED) BROWSE DEBUG OBJECTEXTEND PRINT(.\Listi
                    -ngs\pid.lst) TABS(2) OBJECT(.\Objects\pid.obj)

line level    source

   1          #include "pid.h"
   2          #include "pwm.h"
   3          #include <math.h>    //Keil library  µ÷ÓÃfabsº¯Êý
   4          #include <STC12C5A60S2.H>
   5          
   6          typedef struct
   7          {
   8            float SetPoint;
   9            double SumError;
  10          
  11            float Porportion;
  12            float Intergral;
  13            float Derivative;
  14          
  15            float LastError;
  16            float PrevError;
  17          
  18          }PIDTypdDef;
  19          
  20          PIDTypdDef PID;
  21          
  22          void PID_Init(void)
  23          {
  24   1        PID.LastError  = 0;
  25   1        PID.PrevError   = 0;
  26   1        PID.Porportion = 0;
  27   1        PID.Intergral  = 0;
  28   1        PID.Derivative = 0;
  29   1        PID.SetPoint   = 0;
  30   1        PID.SumError   = 0; 
  31   1      }
  32          
  33          void PID_SetPoint(float setpoint)
  34          {
  35   1        PID.SetPoint = setpoint;
  36   1      }
  37          
  38          void PID_Setkd(float kd)
  39          {
  40   1        PID.Derivative = kd;
  41   1      }
  42          
  43          void PID_Setki(float ki)
  44          {
  45   1        PID.Intergral  = ki;
  46   1      }
  47          
  48          void PID_Setkp(float kp)
  49          {
  50   1        PID.Porportion = kp;
  51   1      }
  52          
  53          int  PID_PosLocCalc(float  NextPoint)
  54          {   
C51 COMPILER V9.54   PID                                                                   07/01/2016 12:06:19 PAGE 2   

  55   1        register float iError,dError;
  56   1        iError = PID.SetPoint - NextPoint;
  57   1      
  58   1        PID.SumError+= iError;
  59   1      
  60   1        if(PID.SumError >6000.0)
  61   1          PID.SumError=6000.0;
  62   1        else if(PID.SumError < -6000.0)
  63   1          PID.SumError=-6000.0;
  64   1        dError =iError -PID.LastError;
  65   1        PID.LastError=iError;
  66   1        
  67   1        return   (long int)   (PID.Porportion  * iError
  68   1                      +PID.Intergral  * PID.SumError //2000 *  
  69   1                      +PID.Derivative * dError);  
  70   1        
  71   1      }
  72          


MODULE INFORMATION:   STATIC OVERLAYABLE
   CODE SIZE        =    356    ----
   CONSTANT SIZE    =   ----    ----
   XDATA SIZE       =   ----    ----
   PDATA SIZE       =   ----    ----
   DATA SIZE        =     28       8
   IDATA SIZE       =   ----    ----
   BIT SIZE         =   ----    ----
END OF MODULE INFORMATION.


C51 COMPILATION COMPLETE.  0 WARNING(S),  0 ERROR(S)
