C51 COMPILER V9.54   UART                                                                  06/22/2016 22:11:32 PAGE 1   


C51 COMPILER V9.54, COMPILATION OF MODULE UART
OBJECT MODULE PLACED IN .\Objects\uart.obj
COMPILER INVOKED BY: E:\MDK\keil\keilmdk\C51\BIN\C51.EXE uart.c OPTIMIZE(8,SPEED) BROWSE DEBUG OBJECTEXTEND PRINT(.\List
                    -ings\uart.lst) TABS(2) OBJECT(.\Objects\uart.obj)

line level    source

   1          #include <STC12C5A60S2.H>
   2          #include "uart.h"
   3          
   4          
   5          void init_uart()
   6          {
   7   1          TMOD &= 0x0F;   //清零T1的控制位
   8   1          TMOD |= 0x20;   //配置T1为模式2     
   9   1          TH1=0xfd;       
  10   1          TL1=0xfd;       
  11   1          SCON=0x50;    
  12   1          TR1=1;
  13   1          TI=1;
  14   1      }


MODULE INFORMATION:   STATIC OVERLAYABLE
   CODE SIZE        =     20    ----
   CONSTANT SIZE    =   ----    ----
   XDATA SIZE       =   ----    ----
   PDATA SIZE       =   ----    ----
   DATA SIZE        =   ----    ----
   IDATA SIZE       =   ----    ----
   BIT SIZE         =   ----    ----
END OF MODULE INFORMATION.


C51 COMPILATION COMPLETE.  0 WARNING(S),  0 ERROR(S)
